<?xml version="1.0" encoding="UTF-8"?>
<!-- Generated by org.testng.reporters.JUnitReportReporter -->
<testsuite hostname="DESKTOP-D4E4FAT" failures="0" tests="1" name="TcRepo.TC_03Test" time="16.772" errors="0" timestamp="2024-11-13T10:24:53 IST" skipped="0">
  <testcase classname="TcRepo.TC_03Test" name="LE_03" time="16.772"/>
  <system-out/>
</testsuite> <!-- TcRepo.TC_03Test -->
