<?xml version="1.0" encoding="UTF-8"?>
<!-- Generated by org.testng.reporters.JUnitReportReporter -->
<testsuite hostname="DESKTOP-D4E4FAT" failures="0" tests="7" name="sample.TestNGPractice1" time="0.065" errors="0" timestamp="2024-10-27T10:10:10 IST" skipped="0">
  <testcase classname="sample.TestNGPractice1" name="createUser" time="0.006"/>
  <testcase classname="sample.TestNGPractice1" name="createUser" time="0.008"/>
  <testcase classname="sample.TestNGPractice1" name="createUser" time="0.006"/>
  <testcase classname="sample.TestNGPractice1" name="createUser" time="0.003"/>
  <testcase classname="sample.TestNGPractice1" name="createUser" time="0.020"/>
  <testcase classname="sample.TestNGPractice1" name="modifyUser" time="0.018"/>
  <testcase classname="sample.TestNGPractice1" name="deleteUser" time="0.004"/>
</testsuite> <!-- sample.TestNGPractice1 -->
