<?xml version="1.0" encoding="UTF-8"?>
<!-- Generated by org.testng.reporters.JUnitReportReporter -->
<testsuite hostname="DESKTOP-D4E4FAT" failures="0" tests="1" name="TcRepo.TC_001" time="22.863" errors="0" timestamp="2024-11-07T10:40:02 IST" skipped="0">
  <testcase classname="TcRepo.TC_001" name="LE_01" time="22.863"/>
  <system-out/>
</testsuite> <!-- TcRepo.TC_001 -->
