<?xml version="1.0" encoding="UTF-8"?>
<!-- Generated by org.testng.reporters.JUnitReportReporter -->
<testsuite hostname="DESKTOP-D4E4FAT" failures="0" tests="3" name="sample.TestNGPractice2" time="0.027" errors="0" timestamp="2024-10-27T10:08:12 IST" skipped="0">
  <testcase classname="sample.TestNGPractice2" name="modifyUser" time="0.008"/>
  <testcase classname="sample.TestNGPractice2" name="deleteUser" time="0.015"/>
  <testcase classname="sample.TestNGPractice2" name="createUser" time="0.004"/>
</testsuite> <!-- sample.TestNGPractice2 -->
