<?xml version="1.0" encoding="UTF-8"?>
<!-- Generated by org.testng.reporters.JUnitReportReporter -->
<testsuite hostname="DESKTOP-D4E4FAT" failures="0" tests="1" name="TcRepo.TC_009" time="27.970" errors="0" timestamp="2024-11-13T09:51:41 IST" skipped="0">
  <testcase classname="TcRepo.TC_009" name="CON_01" time="27.970"/>
  <system-out/>
</testsuite> <!-- TcRepo.TC_009 -->
