<?xml version="1.0" encoding="UTF-8"?>
<!-- Generated by org.testng.reporters.JUnitReportReporter -->
<testsuite hostname="DESKTOP-D4E4FAT" failures="0" tests="3" name="sample.TestNGPractice" time="0.029" errors="0" timestamp="2024-10-27T09:53:19 IST" skipped="0">
  <testcase classname="sample.TestNGPractice" name="createUser" time="0.019"/>
  <testcase classname="sample.TestNGPractice" name="deleteUser" time="0.004"/>
  <testcase classname="sample.TestNGPractice" name="modifyUser" time="0.006"/>
</testsuite> <!-- sample.TestNGPractice -->
