<?xml version="1.0" encoding="UTF-8"?>
<!-- Generated by org.testng.reporters.JUnitReportReporter -->
<testsuite hostname="DESKTOP-D4E4FAT" failures="0" tests="1" name="TcRepo.TC_02Test" time="27.863" errors="0" timestamp="2024-11-13T10:24:53 IST" skipped="0">
  <testcase classname="TcRepo.TC_02Test" name="LE_02" time="27.863"/>
  <system-out/>
</testsuite> <!-- TcRepo.TC_02Test -->
