<?xml version="1.0" encoding="UTF-8"?>
<!-- Generated by org.testng.reporters.JUnitReportReporter -->
<testsuite hostname="DESKTOP-D4E4FAT" failures="0" tests="1" name="TcRepo.TC_01Test" time="22.126" errors="0" timestamp="2024-11-13T10:24:53 IST" skipped="0">
  <testcase classname="TcRepo.TC_01Test" name="LE_01" time="22.126"/>
  <system-out/>
</testsuite> <!-- TcRepo.TC_01Test -->
